<?xml version="1.0" encoding="UTF-8"?>
<testng-results skipped="0" failed="0" ignored="0" total="1" passed="1">
  <reporter-output>
  </reporter-output>
  <suite name="Default suite" duration-ms="22188" started-at="2021-01-12T05:47:05Z" finished-at="2021-01-12T05:47:28Z">
    <groups>
    </groups>
    <test name="Default test" duration-ms="22188" started-at="2021-01-12T05:47:05Z" finished-at="2021-01-12T05:47:28Z">
      <class name="assignment2.CountryDemo">
        <test-method status="PASS" signature="m1()[pri:0, instance:assignment2.CountryDemo@39529185]" name="m1" duration-ms="22150" started-at="2021-01-12T05:47:05Z" finished-at="2021-01-12T05:47:28Z">
          <reporter-output>
          </reporter-output>
        </test-method> <!-- m1 -->
      </class> <!-- assignment2.CountryDemo -->
    </test> <!-- Default test -->
  </suite> <!-- Default suite -->
</testng-results>
